 Fermi distribution function

Geometry optimization step: 241, Lattice step: 5


********************************************************************************
 iSCC Total electronic   Diff electronic      SCC error    
    1   -0.27752021E+03    0.00000000E+00    0.84197531E-05
********************************************************************************

K-points in absolute space:     1:  0.004544  0.002623  0.001855
                                2:  0.004544  0.002623  0.012983
                                3:  0.004544  0.002623  0.024112
                                4:  0.004544  0.002623  0.035240
                                5:  0.004544  0.013115 -0.001855
                                6:  0.004544  0.013115  0.009274
                                7:  0.004544  0.013115  0.020402
                                8:  0.004544  0.013115  0.031531
                                9:  0.004544  0.023607 -0.005564
                               10:  0.004544  0.023607  0.005564
                               11:  0.004545  0.023607  0.016693
                               12:  0.004545  0.023607  0.027821
                               13:  0.004544  0.034099 -0.009274
                               14:  0.004545  0.034099  0.001855
                               15:  0.004545  0.034099  0.012983
                               16:  0.004545  0.034099  0.024112
                               17:  0.013630 -0.002623 -0.001855
                               18:  0.013630 -0.002623  0.009274
                               19:  0.013631 -0.002623  0.020402
                               20:  0.013631 -0.002623  0.031531
                               21:  0.013630  0.007869 -0.005564
                               22:  0.013631  0.007869  0.005564
                               23:  0.013631  0.007869  0.016693
                               24:  0.013631  0.007869  0.027821
                               25:  0.013631  0.018361 -0.009274
                               26:  0.013631  0.018361  0.001855
                               27:  0.013631  0.018362  0.012983
                               28:  0.013631  0.018362  0.024112
                               29:  0.013631  0.028854 -0.012983
                               30:  0.013631  0.028854 -0.001855
                               31:  0.013631  0.028854  0.009274
                               32:  0.013632  0.028854  0.020402

Coordinates of moved atoms (au):
    1     17.79940796     17.09525978      9.20603225
    2     29.86487807     10.42199282     19.26606952
    3     25.15875597     21.64145411      3.40636803
    4     37.22503952     14.37711530     13.04850926
    5     21.35133392      8.22587076     13.04869541
    6     33.67132742     15.04438427      3.40395142
    7     21.60807138     16.57605251     19.26848909
    8     33.41663783     23.69078134      9.20578844
    9     23.70438618     10.96842008      3.40586172
   10     23.95798074     25.04866495     13.04983660
   11     31.32140978      6.86709258      9.20494541
   12     31.06356052     20.65210748     19.26749698
   13     23.70449781      6.86713711      9.20589419
   14     23.95809850     20.65308444     19.26620508
   15     31.32129958     10.96735291      3.40622249
   16     31.06344272     25.04953327     13.04865515
   17     17.79945941     14.37798728     13.04884022
   18     29.86458744     21.63811024      3.40404469
   19     25.15904655     10.42533387     19.26840315
   20     37.22498799     17.09442802      9.20563807
   21     21.35119800     15.04433762      3.40591379
   22     33.67146842      8.22394666     13.04954540
   23     21.60792026     23.69182134      9.20523385
   24     33.41678246     16.57612377     19.26744743
   25     41.26681816     23.82544410      6.11755877
   26     50.02891879     28.88442628     20.42455686
   27     32.50618676     28.88394184     20.42406472
   28     41.26702601     13.70938756     20.42385994
   29     16.03538818     16.48560211     10.05541926
   30     28.81977098      9.41039889     20.71155900
   31     26.20394794     22.66512802      1.96942634
   32     38.98903038     14.97465515     12.19049157
   33     20.98679500      6.39937684     12.19081768
   34     34.03700043     13.62651150      1.96835484
   35     21.25290150     17.98795932     20.71262111
   36     33.77062432     25.52333394     10.05512280
   37     22.29438440     11.36159526      1.96981800
   38     22.55934898     26.27838611     12.19156485
   39     32.73054064      5.64343874     10.05474572
   40     32.46305864     20.25281080     20.71210093
   41     22.29449860      5.64429550     10.05528654
   42     22.55947237     20.25378866     20.71168786
   43     32.73042800     11.36068264      1.96928638
   44     32.46293491     26.27840708     12.19063473
   45     16.03541850     14.97555832     12.19094686
   46     28.81949644     22.66373401      1.96846324
   47     26.20422263      9.41179349     20.71252303
   48     38.98900005     16.48468287     10.05498495
   49     20.98666301     13.62668021      1.96984833
   50     34.03713453      6.39782761     12.19129338
   51     21.25275594     25.52399831     10.05501678
   52     33.77076678     17.98774671     20.71207134
   53      8.25600652      0.06921317      0.04895779
   54     13.75588209     12.63980072     15.67379302
   55     13.75576149     18.99063801      6.69233586
   56     19.25647589      0.06774162      0.04801913
   57      4.18800528      7.11535087      0.04901053
   58     23.32406942      2.41753365      6.69218731
   59     17.82417110      5.59318147     15.67370683
   60      9.68700748     16.64280639      0.04820167
   61      4.18806876      2.41801873      6.69210354
   62     17.82400394     16.64162508      0.04877673
   63     23.32399136      7.11520954      0.04867337
   64      9.68718486      5.59303355     15.67493957
   65     13.75596157     17.25712630      8.98145601
   66     16.38665529      0.14395935      0.10188340
   67     11.12574932      0.14616867      0.10340035
   68     13.75602533     14.22016235     13.27637968
   69     19.19288452      4.80310835     13.27628144
   70      8.31808783     14.11935218      0.10202810
   71      5.68953030      9.56215361      0.10348105
   72     21.82291476      3.28449020      8.98132748
   73     21.82282189      9.56242373      0.10298273
   74      8.31822958      4.80264227     13.27786565
   75      5.68962151      3.28495857      8.98081582
   76     19.19274349     14.11795271      0.10304845
   77     15.87238511     19.65464440      5.87258908
   78     34.06472573      9.17597395     20.74457277
   79     20.95915903     22.61751076      1.73699125
   80     39.15141315     12.08772010     16.57244790
   81     18.40491726      7.70205402     16.57296184
   82     36.61877311     18.19234020      1.73645206
   83     18.42698147     13.56328044     20.74509663
   84     36.59620254     24.07924754      5.87256763
   85     24.95736594      6.84268565      1.73709867
   86     24.97889051     27.86273555     16.57354350
   87     30.06685480      3.91814322      5.87231568
   88     30.04406026     24.91224382     20.74497918
   89     24.95742953      3.91853559      5.87242769
   90     24.97895478     24.91327226     20.74476910
   91     30.06678829      6.84235884      1.73679473
   92     30.04399733     27.86258862     16.57260419
   93     15.87253949     12.08829050     16.57304787
   94     34.06446686     22.61668156      1.73649362
   95     20.95941658      9.17681629     20.74505455
   96     39.15125878     19.65372461      5.87248088
   97     18.40473509     18.19242344      1.73726645
   98     36.61895851      7.70112550     16.57329027
   99     18.42679727     24.07973464      5.87256544
  100     36.59638358     13.56303695     20.74481217
  101     31.04556884     29.72819434     21.02105097
  102     41.26786064     12.02233173     21.02085421
  103     41.26766086     23.82593923      4.32798913
  104     51.49002580     29.72797663     21.02101951
  105     24.57751735      1.69402346      1.19798771
  106     13.75596727     20.43786755      1.19820493
  107     13.75618727      7.94230331     18.86964825
  108      2.93496576      1.69449295      1.19817953
  109     16.87833531     22.02397523      2.54946382
  110     38.14582635      9.74419991     19.91444084
  111     16.87854164      9.74498502     19.91462290
  112     38.14562052     22.02342431      2.54895038
  113     27.51232430      3.60502497      2.54926187
  114     27.51163578     28.16349952     19.91464181

 Total charge:    -0.00000000

 Atomic gross charges (e)
 Atom           Charge
    1       0.05267029
    2       0.05267288
    3       0.05265560
    4       0.05268092
    5       0.05267185
    6       0.05267430
    7       0.05265681
    8       0.05268256
    9       0.05266956
   10       0.05267226
   11       0.05265505
   12       0.05268031
   13       0.05266922
   14       0.05267203
   15       0.05265482
   16       0.05267992
   17       0.05267103
   18       0.05267353
   19       0.05265611
   20       0.05268164
   21       0.05267140
   22       0.05267402
   23       0.05265659
   24       0.05268214
   25       0.38450701
   26       0.38458155
   27       0.38450686
   28       0.38450696
   29      -0.03780839
   30      -0.03782385
   31      -0.03778771
   32      -0.03781324
   33      -0.03781836
   34      -0.03784015
   35      -0.03780261
   36      -0.03782623
   37      -0.03781603
   38      -0.03783064
   39      -0.03779536
   40      -0.03782495
   41      -0.03781069
   42      -0.03782288
   43      -0.03778759
   44      -0.03781855
   45      -0.03781371
   46      -0.03783205
   47      -0.03779503
   48      -0.03781858
   49      -0.03781981
   50      -0.03783888
   51      -0.03780145
   52      -0.03782870
   53       0.58851451
   54       0.58842719
   55       0.58842707
   56       0.58848075
   57       0.58851286
   58       0.58842349
   59       0.58842377
   60       0.58847913
   61       0.58851067
   62       0.58842064
   63       0.58842044
   64       0.58847695
   65      -0.02885427
   66      -0.02884319
   67      -0.02885654
   68      -0.02885446
   69      -0.02885033
   70      -0.02884040
   71      -0.02885399
   72      -0.02884982
   73      -0.02884676
   74      -0.02883804
   75      -0.02885169
   76      -0.02884715
   77      -0.53616749
   78      -0.53620592
   79      -0.53619307
   80      -0.53623024
   81      -0.53619420
   82      -0.53620769
   83      -0.53620025
   84      -0.53624600
   85      -0.53617609
   86      -0.53620922
   87      -0.53619553
   88      -0.53622498
   89      -0.53616653
   90      -0.53620940
   91      -0.53619546
   92      -0.53621912
   93      -0.53617456
   94      -0.53620415
   95      -0.53619388
   96      -0.53623700
   97      -0.53619295
   98      -0.53621206
   99      -0.53620493
  100      -0.53624113
  101      -0.66913759
  102      -0.66913781
  103      -0.66913792
  104      -0.66919794
  105      -0.71088173
  106      -0.71088175
  107      -0.71088177
  108      -0.71092289
  109       1.62981011
  110       1.62990247
  111       1.62980588
  112       1.62989860
  113       1.62981496
  114       1.62990663

Nr. of electrons (up):    436.00000000
Atom populations (up)
 Atom       Population
    1       0.94732971
    2       0.94732712
    3       0.94734440
    4       0.94731908
    5       0.94732815
    6       0.94732570
    7       0.94734319
    8       0.94731744
    9       0.94733044
   10       0.94732774
   11       0.94734495
   12       0.94731969
   13       0.94733078
   14       0.94732797
   15       0.94734518
   16       0.94732008
   17       0.94732897
   18       0.94732647
   19       0.94734389
   20       0.94731836
   21       0.94732860
   22       0.94732598
   23       0.94734341
   24       0.94731786
   25       0.61549299
   26       0.61541845
   27       0.61549314
   28       0.61549304
   29       4.03780839
   30       4.03782385
   31       4.03778771
   32       4.03781324
   33       4.03781836
   34       4.03784015
   35       4.03780261
   36       4.03782623
   37       4.03781603
   38       4.03783064
   39       4.03779536
   40       4.03782495
   41       4.03781069
   42       4.03782288
   43       4.03778759
   44       4.03781855
   45       4.03781371
   46       4.03783205
   47       4.03779503
   48       4.03781858
   49       4.03781981
   50       4.03783888
   51       4.03780145
   52       4.03782870
   53       3.41148549
   54       3.41157281
   55       3.41157293
   56       3.41151925
   57       3.41148714
   58       3.41157651
   59       3.41157623
   60       3.41152087
   61       3.41148933
   62       3.41157936
   63       3.41157956
   64       3.41152305
   65       4.02885427
   66       4.02884319
   67       4.02885654
   68       4.02885446
   69       4.02885033
   70       4.02884040
   71       4.02885399
   72       4.02884982
   73       4.02884676
   74       4.02883804
   75       4.02885169
   76       4.02884715
   77       6.53616749
   78       6.53620592
   79       6.53619307
   80       6.53623024
   81       6.53619420
   82       6.53620769
   83       6.53620025
   84       6.53624600
   85       6.53617609
   86       6.53620922
   87       6.53619553
   88       6.53622498
   89       6.53616653
   90       6.53620940
   91       6.53619546
   92       6.53621912
   93       6.53617456
   94       6.53620415
   95       6.53619388
   96       6.53623700
   97       6.53619295
   98       6.53621206
   99       6.53620493
  100       6.53624113
  101       6.66913759
  102       6.66913781
  103       6.66913792
  104       6.66919794
  105       6.71088173
  106       6.71088175
  107       6.71088177
  108       6.71092289
  109       2.37018989
  110       2.37009753
  111       2.37019412
  112       2.37010140
  113       2.37018504
  114       2.37009337

l-shell populations (up)
 Atom Sh.   l       Population
    1   1   0       0.93265648
    1   2   0       0.01467323
    2   1   0       0.93265256
    2   2   0       0.01467456
    3   1   0       0.93266929
    3   2   0       0.01467511
    4   1   0       0.93264160
    4   2   0       0.01467748
    5   1   0       0.93265438
    5   2   0       0.01467377
    6   1   0       0.93265123
    6   2   0       0.01467447
    7   1   0       0.93266810
    7   2   0       0.01467509
    8   1   0       0.93263963
    8   2   0       0.01467781
    9   1   0       0.93265720
    9   2   0       0.01467324
   10   1   0       0.93265327
   10   2   0       0.01467447
   11   1   0       0.93266998
   11   2   0       0.01467497
   12   1   0       0.93264253
   12   2   0       0.01467716
   13   1   0       0.93265773
   13   2   0       0.01467305
   14   1   0       0.93265342
   14   2   0       0.01467455
   15   1   0       0.93267012
   15   2   0       0.01467506
   16   1   0       0.93264303
   16   2   0       0.01467705
   17   1   0       0.93265561
   17   2   0       0.01467336
   18   1   0       0.93265202
   18   2   0       0.01467445
   19   1   0       0.93266884
   19   2   0       0.01467505
   20   1   0       0.93264074
   20   2   0       0.01467762
   21   1   0       0.93265488
   21   2   0       0.01467372
   22   1   0       0.93265139
   22   2   0       0.01467460
   23   1   0       0.93266819
   23   2   0       0.01467523
   24   1   0       0.93264019
   24   2   0       0.01467767
   25   1   0       0.58354157
   25   2   0       0.03195142
   26   1   0       0.58347332
   26   2   0       0.03194513
   27   1   0       0.58354171
   27   2   0       0.03195143
   28   1   0       0.58354162
   28   2   0       0.03195142
   29   1   0       1.06865220
   29   2   1       2.96915619
   30   1   0       1.06865500
   30   2   1       2.96916885
   31   1   0       1.06865005
   31   2   1       2.96913766
   32   1   0       1.06865554
   32   2   1       2.96915770
   33   1   0       1.06865442
   33   2   1       2.96916394
   34   1   0       1.06865846
   34   2   1       2.96918169
   35   1   0       1.06865323
   35   2   1       2.96914938
   36   1   0       1.06865827
   36   2   1       2.96916796
   37   1   0       1.06865416
   37   2   1       2.96916187
   38   1   0       1.06865666
   38   2   1       2.96917398
   39   1   0       1.06865186
   39   2   1       2.96914350
   40   1   0       1.06865819
   40   2   1       2.96916676
   41   1   0       1.06865294
   41   2   1       2.96915775
   42   1   0       1.06865496
   42   2   1       2.96916792
   43   1   0       1.06865016
   43   2   1       2.96913743
   44   1   0       1.06865679
   44   2   1       2.96916176
   45   1   0       1.06865322
   45   2   1       2.96916048
   46   1   0       1.06865663
   46   2   1       2.96917542
   47   1   0       1.06865150
   47   2   1       2.96914353
   48   1   0       1.06865656
   48   2   1       2.96916202
   49   1   0       1.06865491
   49   2   1       2.96916489
   50   1   0       1.06865834
   50   2   1       2.96918055
   51   1   0       1.06865314
   51   2   1       2.96914832
   52   1   0       1.06865894
   52   2   1       2.96916976
   53   1   0       0.95399427
   53   2   1       2.45749122
   54   1   0       0.95403456
   54   2   1       2.45753825
   55   1   0       0.95403459
   55   2   1       2.45753835
   56   1   0       0.95400960
   56   2   1       2.45750964
   57   1   0       0.95399562
   57   2   1       2.45749152
   58   1   0       0.95403683
   58   2   1       2.45753968
   59   1   0       0.95403679
   59   2   1       2.45753944
   60   1   0       0.95401077
   60   2   1       2.45751010
   61   1   0       0.95399699
   61   2   1       2.45749235
   62   1   0       0.95403861
   62   2   1       2.45754075
   63   1   0       0.95403862
   63   2   1       2.45754094
   64   1   0       0.95401207
   64   2   1       2.45751098
   65   1   0       1.09882687
   65   2   1       2.93002740
   66   1   0       1.09880073
   66   2   1       2.93004245
   67   1   0       1.09879901
   67   2   1       2.93005753
   68   1   0       1.09882686
   68   2   1       2.93002761
   69   1   0       1.09882830
   69   2   1       2.93002203
   70   1   0       1.09880200
   70   2   1       2.93003840
   71   1   0       1.09880020
   71   2   1       2.93005380
   72   1   0       1.09882835
   72   2   1       2.93002146
   73   1   0       1.09882941
   73   2   1       2.93001735
   74   1   0       1.09880295
   74   2   1       2.93003509
   75   1   0       1.09880114
   75   2   1       2.93005055
   76   1   0       1.09882936
   76   2   1       2.93001779
   77   1   0       1.65060516
   77   2   1       4.88556233
   78   1   0       1.65062594
   78   2   1       4.88557997
   79   1   0       1.65061160
   79   2   1       4.88558147
   80   1   0       1.65063682
   80   2   1       4.88559341
   81   1   0       1.65061611
   81   2   1       4.88557809
   82   1   0       1.65062809
   82   2   1       4.88557961
   83   1   0       1.65061521
   83   2   1       4.88558504
   84   1   0       1.65064448
   84   2   1       4.88560151
   85   1   0       1.65060780
   85   2   1       4.88556829
   86   1   0       1.65062671
   86   2   1       4.88558251
   87   1   0       1.65061214
   87   2   1       4.88558338
   88   1   0       1.65063503
   88   2   1       4.88558995
   89   1   0       1.65060378
   89   2   1       4.88556275
   90   1   0       1.65062626
   90   2   1       4.88558313
   91   1   0       1.65061167
   91   2   1       4.88558380
   92   1   0       1.65063216
   92   2   1       4.88558696
   93   1   0       1.65060820
   93   2   1       4.88556636
   94   1   0       1.65062587
   94   2   1       4.88557827
   95   1   0       1.65061222
   95   2   1       4.88558167
   96   1   0       1.65063987
   96   2   1       4.88559714
   97   1   0       1.65061569
   97   2   1       4.88557726
   98   1   0       1.65062977
   98   2   1       4.88558229
   99   1   0       1.65061704
   99   2   1       4.88558788
  100   1   0       1.65064287
  100   2   1       4.88559826
  101   1   0       1.63909287
  101   2   1       5.03004472
  102   1   0       1.63909308
  102   2   1       5.03004473
  103   1   0       1.63909318
  103   2   1       5.03004474
  104   1   0       1.63911992
  104   2   1       5.03007802
  105   1   0       1.65240202
  105   2   1       5.05847971
  106   1   0       1.65240217
  106   2   1       5.05847958
  107   1   0       1.65240224
  107   2   1       5.05847953
  108   1   0       1.65237846
  108   2   1       5.05854443
  109   1   2       0.91701944
  109   2   0       0.40340458
  109   3   1       1.04976586
  110   1   2       0.91699235
  110   2   0       0.40339359
  110   3   1       1.04971159
  111   1   2       0.91702457
  111   2   0       0.40340387
  111   3   1       1.04976568
  112   1   2       0.91699722
  112   2   0       0.40339286
  112   3   1       1.04971132
  113   1   2       0.91701581
  113   2   0       0.40340537
  113   3   1       1.04976386
  114   1   2       0.91698918
  114   2   0       0.40339444
  114   3   1       1.04970974

Orbital populations (up)
 Atom Sh.   l   m       Population  Label
    1   1   0   0       0.93265648  s
    1   2   0   0       0.01467323  s2
    2   1   0   0       0.93265256  s
    2   2   0   0       0.01467456  s2
    3   1   0   0       0.93266929  s
    3   2   0   0       0.01467511  s2
    4   1   0   0       0.93264160  s
    4   2   0   0       0.01467748  s2
    5   1   0   0       0.93265438  s
    5   2   0   0       0.01467377  s2
    6   1   0   0       0.93265123  s
    6   2   0   0       0.01467447  s2
    7   1   0   0       0.93266810  s
    7   2   0   0       0.01467509  s2
    8   1   0   0       0.93263963  s
    8   2   0   0       0.01467781  s2
    9   1   0   0       0.93265720  s
    9   2   0   0       0.01467324  s2
   10   1   0   0       0.93265327  s
   10   2   0   0       0.01467447  s2
   11   1   0   0       0.93266998  s
   11   2   0   0       0.01467497  s2
   12   1   0   0       0.93264253  s
   12   2   0   0       0.01467716  s2
   13   1   0   0       0.93265773  s
   13   2   0   0       0.01467305  s2
   14   1   0   0       0.93265342  s
   14   2   0   0       0.01467455  s2
   15   1   0   0       0.93267012  s
   15   2   0   0       0.01467506  s2
   16   1   0   0       0.93264303  s
   16   2   0   0       0.01467705  s2
   17   1   0   0       0.93265561  s
   17   2   0   0       0.01467336  s2
   18   1   0   0       0.93265202  s
   18   2   0   0       0.01467445  s2
   19   1   0   0       0.93266884  s
   19   2   0   0       0.01467505  s2
   20   1   0   0       0.93264074  s
   20   2   0   0       0.01467762  s2
   21   1   0   0       0.93265488  s
   21   2   0   0       0.01467372  s2
   22   1   0   0       0.93265139  s
   22   2   0   0       0.01467460  s2
   23   1   0   0       0.93266819  s
   23   2   0   0       0.01467523  s2
   24   1   0   0       0.93264019  s
   24   2   0   0       0.01467767  s2
   25   1   0   0       0.58354157  s
   25   2   0   0       0.03195142  s2
   26   1   0   0       0.58347332  s
   26   2   0   0       0.03194513  s2
   27   1   0   0       0.58354171  s
   27   2   0   0       0.03195143  s2
   28   1   0   0       0.58354162  s
   28   2   0   0       0.03195142  s2
   29   1   0   0       1.06865220  s
   29   2   1  -1       0.98399248  p_y
   29   2   1   0       0.98199787  p_z
   29   2   1   1       1.00316584  p_x
   30   1   0   0       1.06865500  s
   30   2   1  -1       0.99075312  p_y
   30   2   1   0       0.99690966  p_z
   30   2   1   1       0.98150607  p_x
   31   1   0   0       1.06865005  s
   31   2   1  -1       0.99067664  p_y
   31   2   1   0       0.99696118  p_z
   31   2   1   1       0.98149985  p_x
   32   1   0   0       1.06865554  s
   32   2   1  -1       0.98298141  p_y
   32   2   1   0       0.98300053  p_z
   32   2   1   1       1.00317576  p_x
   33   1   0   0       1.06865442  s
   33   2   1  -1       1.00627223  p_y
   33   2   1   0       0.98300254  p_z
   33   2   1   1       0.97988917  p_x
   34   1   0   0       1.06865846  s
   34   2   1  -1       0.99229851  p_y
   34   2   1   0       0.99698819  p_z
   34   2   1   1       0.97989499  p_x
   35   1   0   0       1.06865323  s
   35   2   1  -1       0.99154994  p_y
   35   2   1   0       0.99691332  p_z
   35   2   1   1       0.98068612  p_x
   36   1   0   0       1.06865827  s
   36   2   1  -1       1.00648456  p_y
   36   2   1   0       0.98199655  p_z
   36   2   1   1       0.98068686  p_x
   37   1   0   0       1.06865416  s
   37   2   1  -1       0.97530153  p_y
   37   2   1   0       0.99697125  p_z
   37   2   1   1       0.99688909  p_x
   38   1   0   0       1.06865666  s
   38   2   1  -1       0.98997589  p_y
   38   2   1   0       0.98298811  p_z
   38   2   1   1       0.99620998  p_x
   39   1   0   0       1.06865186  s
   39   2   1  -1       0.99026739  p_y
   39   2   1   0       0.98197554  p_z
   39   2   1   1       0.99690057  p_x
   40   1   0   0       1.06865819  s
   40   2   1  -1       0.97607058  p_y
   40   2   1   0       0.99691277  p_z
   40   2   1   1       0.99618341  p_x
   41   1   0   0       1.06865294  s
   41   2   1  -1       0.99027210  p_y
   41   2   1   0       0.98199833  p_z
   41   2   1   1       0.99688731  p_x
   42   1   0   0       1.06865496  s
   42   2   1  -1       0.97605101  p_y
   42   2   1   0       0.99690932  p_z
   42   2   1   1       0.99620759  p_x
   43   1   0   0       1.06865016  s
   43   2   1  -1       0.97527813  p_y
   43   2   1   0       0.99696112  p_z
   43   2   1   1       0.99689818  p_x
   44   1   0   0       1.06865679  s
   44   2   1  -1       0.98997875  p_y
   44   2   1   0       0.98300174  p_z
   44   2   1   1       0.99618127  p_x
   45   1   0   0       1.06865322  s
   45   2   1  -1       0.98299012  p_y
   45   2   1   0       0.98300249  p_z
   45   2   1   1       1.00316788  p_x
   46   1   0   0       1.06865663  s
   46   2   1  -1       0.99068310  p_y
   46   2   1   0       0.99698524  p_z
   46   2   1   1       0.98150708  p_x
   47   1   0   0       1.06865150  s
   47   2   1  -1       0.99073221  p_y
   47   2   1   0       0.99691054  p_z
   47   2   1   1       0.98150078  p_x
   48   1   0   0       1.06865656  s
   48   2   1  -1       0.98398851  p_y
   48   2   1   0       0.98199567  p_z
   48   2   1   1       1.00317783  p_x
   49   1   0   0       1.06865491  s
   49   2   1  -1       0.99230208  p_y
   49   2   1   0       0.99697331  p_z
   49   2   1   1       0.97988951  p_x
   50   1   0   0       1.06865834  s
   50   2   1  -1       1.00629668  p_y
   50   2   1   0       0.98298957  p_z
   50   2   1   1       0.97989430  p_x
   51   1   0   0       1.06865314  s
   51   2   1  -1       1.00648640  p_y
   51   2   1   0       0.98197648  p_z
   51   2   1   1       0.98068544  p_x
   52   1   0   0       1.06865894  s
   52   2   1  -1       0.99156714  p_y
   52   2   1   0       0.99691501  p_z
   52   2   1   1       0.98068761  p_x
   53   1   0   0       0.95399427  s
   53   2   1  -1       0.76440114  p_y
   53   2   1   0       0.77879861  p_z
   53   2   1   1       0.91429147  p_x
   54   1   0   0       0.95403456  s
   54   2   1  -1       0.79600769  p_y
   54   2   1   0       0.86831438  p_z
   54   2   1   1       0.79321618  p_x
   55   1   0   0       0.95403459  s
   55   2   1  -1       0.81355276  p_y
   55   2   1   0       0.85076934  p_z
   55   2   1   1       0.79321625  p_x
   56   1   0   0       0.95400960  s
   56   2   1  -1       0.76440189  p_y
   56   2   1   0       0.77880370  p_z
   56   2   1   1       0.91430406  p_x
   57   1   0   0       0.95399562  s
   57   2   1  -1       0.87018899  p_y
   57   2   1   0       0.77879942  p_z
   57   2   1   1       0.80850311  p_x
   58   1   0   0       0.95403683  s
   58   2   1  -1       0.79831108  p_y
   58   2   1   0       0.85076957  p_z
   58   2   1   1       0.80845903  p_x
   59   1   0   0       0.95403679  s
   59   2   1  -1       0.79391332  p_y
   59   2   1   0       0.86831339  p_z
   59   2   1   1       0.79531273  p_x
   60   1   0   0       0.95401077  s
   60   2   1  -1       0.88334750  p_y
   60   2   1   0       0.77880447  p_z
   60   2   1   1       0.79535814  p_x
   61   1   0   0       0.95399699  s
   61   2   1  -1       0.79830039  p_y
   61   2   1   0       0.85068775  p_z
   61   2   1   1       0.80850421  p_x
   62   1   0   0       0.95403861  s
   62   2   1  -1       0.88340338  p_y
   62   2   1   0       0.77882290  p_z
   62   2   1   1       0.79531448  p_x
   63   1   0   0       0.95403862  s
   63   2   1  -1       0.87025791  p_y
   63   2   1   0       0.77882314  p_z
   63   2   1   1       0.80845989  p_x
   64   1   0   0       0.95401207  s
   64   2   1  -1       0.79392559  p_y
   64   2   1   0       0.86822545  p_z
   64   2   1   1       0.79535994  p_x
   65   1   0   0       1.09882687  s
   65   2   1  -1       0.98044740  p_y
   65   2   1   0       0.97805975  p_z
   65   2   1   1       0.97152025  p_x
   66   1   0   0       1.09880073  s
   66   2   1  -1       0.98340337  p_y
   66   2   1   0       0.97748311  p_z
   66   2   1   1       0.96915598  p_x
   67   1   0   0       1.09879901  s
   67   2   1  -1       0.98341047  p_y
   67   2   1   0       0.97748901  p_z
   67   2   1   1       0.96915805  p_x
   68   1   0   0       1.09882686  s
   68   2   1  -1       0.98478075  p_y
   68   2   1   0       0.97372655  p_z
   68   2   1   1       0.97152031  p_x
   69   1   0   0       1.09882830  s
   69   2   1  -1       0.97483815  p_y
   69   2   1   0       0.97372468  p_z
   69   2   1   1       0.98145921  p_x
   70   1   0   0       1.09880200  s
   70   2   1  -1       0.97112715  p_y
   70   2   1   0       0.97748167  p_z
   70   2   1   1       0.98142958  p_x
   71   1   0   0       1.09880020  s
   71   2   1  -1       0.97437888  p_y
   71   2   1   0       0.97748771  p_z
   71   2   1   1       0.97818721  p_x
   72   1   0   0       1.09882835  s
   72   2   1  -1       0.97374673  p_y
   72   2   1   0       0.97805742  p_z
   72   2   1   1       0.97821732  p_x
   73   1   0   0       1.09882941  s
   73   2   1  -1       0.97434661  p_y
   73   2   1   0       0.97745497  p_z
   73   2   1   1       0.97821577  p_x
   74   1   0   0       1.09880295  s
   74   2   1  -1       0.97485039  p_y
   74   2   1   0       0.97375674  p_z
   74   2   1   1       0.98142797  p_x
   75   1   0   0       1.09880114  s
   75   2   1  -1       0.97377295  p_y
   75   2   1   0       0.97809178  p_z
   75   2   1   1       0.97818583  p_x
   76   1   0   0       1.09882936  s
   76   2   1  -1       0.97110515  p_y
   76   2   1   0       0.97745528  p_z
   76   2   1   1       0.98145735  p_x
   77   1   0   0       1.65060516  s
   77   2   1  -1       1.67694242  p_y
   77   2   1   0       1.70244049  p_z
   77   2   1   1       1.50617942  p_x
   78   1   0   0       1.65062594  s
   78   2   1  -1       1.60276394  p_y
   78   2   1   0       1.53619525  p_z
   78   2   1   1       1.74662078  p_x
   79   1   0   0       1.65061160  s
   79   2   1  -1       1.57831377  p_y
   79   2   1   0       1.56064965  p_z
   79   2   1   1       1.74661805  p_x
   80   1   0   0       1.65063682  s
   80   2   1  -1       1.66460721  p_y
   80   2   1   0       1.71488207  p_z
   80   2   1   1       1.50610413  p_x
   81   1   0   0       1.65061611  s
   81   2   1  -1       1.44843245  p_y
   81   2   1   0       1.71486500  p_z
   81   2   1   1       1.72228064  p_x
   82   1   0   0       1.65062809  s
   82   2   1  -1       1.60270411  p_y
   82   2   1   0       1.56051243  p_z
   82   2   1   1       1.72236307  p_x
   83   1   0   0       1.65061521  s
   83   2   1  -1       1.59953131  p_y
   83   2   1   0       1.53605537  p_z
   83   2   1   1       1.74999835  p_x
   84   1   0   0       1.65064448  s
   84   2   1  -1       1.43313294  p_y
   84   2   1   0       1.70253873  p_z
   84   2   1   1       1.74992985  p_x
   85   1   0   0       1.65060780  s
   85   2   1  -1       1.80635993  p_y
   85   2   1   0       1.56063877  p_z
   85   2   1   1       1.51856960  p_x
   86   1   0   0       1.65062671  s
   86   2   1  -1       1.64311719  p_y
   86   2   1   0       1.71484318  p_z
   86   2   1   1       1.52762213  p_x
   87   1   0   0       1.65061214  s
   87   2   1  -1       1.66454153  p_y
   87   2   1   0       1.70245419  p_z
   87   2   1   1       1.51858766  p_x
   88   1   0   0       1.65063503  s
   88   2   1  -1       1.82180134  p_y
   88   2   1   0       1.53611314  p_z
   88   2   1   1       1.52767547  p_x
   89   1   0   0       1.65060378  s
   89   2   1  -1       1.66455753  p_y
   89   2   1   0       1.70243599  p_z
   89   2   1   1       1.51856923  p_x
   90   1   0   0       1.65062626  s
   90   2   1  -1       1.82175768  p_y
   90   2   1   0       1.53620120  p_z
   90   2   1   1       1.52762425  p_x
   91   1   0   0       1.65061167  s
   91   2   1  -1       1.80634057  p_y
   91   2   1   0       1.56065425  p_z
   91   2   1   1       1.51858897  p_x
   92   1   0   0       1.65063216  s
   92   2   1  -1       1.64303860  p_y
   92   2   1   0       1.71487250  p_z
   92   2   1   1       1.52767586  p_x
   93   1   0   0       1.65060820  s
   93   2   1  -1       1.66453924  p_y
   93   2   1   0       1.71485782  p_z
   93   2   1   1       1.50616931  p_x
   94   1   0   0       1.65062587  s
   94   2   1  -1       1.57843865  p_y
   94   2   1   0       1.56051516  p_z
   94   2   1   1       1.74662446  p_x
   95   1   0   0       1.65061222  s
   95   2   1  -1       1.60290326  p_y
   95   2   1   0       1.53605649  p_z
   95   2   1   1       1.74662192  p_x
   96   1   0   0       1.65063987  s
   96   2   1  -1       1.67696872  p_y
   96   2   1   0       1.70253443  p_z
   96   2   1   1       1.50609398  p_x
   97   1   0   0       1.65061569  s
   97   2   1  -1       1.60266442  p_y
   97   2   1   0       1.56063106  p_z
   97   2   1   1       1.72228177  p_x
   98   1   0   0       1.65062977  s
   98   2   1  -1       1.44836549  p_y
   98   2   1   0       1.71484849  p_z
   98   2   1   1       1.72236831  p_x
   99   1   0   0       1.65061704  s
   99   2   1  -1       1.43312382  p_y
   99   2   1   0       1.70246196  p_z
   99   2   1   1       1.75000210  p_x
  100   1   0   0       1.65064287  s
  100   2   1  -1       1.59956644  p_y
  100   2   1   0       1.53610426  p_z
  100   2   1   1       1.74992756  p_x
  101   1   0   0       1.63909287  s
  101   2   1  -1       1.72017296  p_y
  101   2   1   0       1.76384911  p_z
  101   2   1   1       1.54602264  p_x
  102   1   0   0       1.63909308  s
  102   2   1  -1       1.45871740  p_y
  102   2   1   0       1.76384604  p_z
  102   2   1   1       1.80748129  p_x
  103   1   0   0       1.63909318  s
  103   2   1  -1       1.80750953  p_y
  103   2   1   0       1.41505404  p_z
  103   2   1   1       1.80748117  p_x
  104   1   0   0       1.63911992  s
  104   2   1  -1       1.72029067  p_y
  104   2   1   0       1.76389044  p_z
  104   2   1   1       1.54589691  p_x
  105   1   0   0       1.65240202  s
  105   2   1  -1       1.67491051  p_y
  105   2   1   0       1.66368565  p_z
  105   2   1   1       1.71988355  p_x
  106   1   0   0       1.65240217  s
  106   2   1  -1       1.74235102  p_y
  106   2   1   0       1.66368597  p_z
  106   2   1   1       1.65244259  p_x
  107   1   0   0       1.65240224  s
  107   2   1  -1       1.65245239  p_y
  107   2   1   0       1.75358483  p_z
  107   2   1   1       1.65244231  p_x
  108   1   0   0       1.65237846  s
  108   2   1  -1       1.67493532  p_y
  108   2   1   0       1.66368857  p_z
  108   2   1   1       1.71992055  p_x
  109   1   2  -2       0.17720071  d_xy
  109   1   2  -1       0.17063178  d_yz
  109   1   2   0       0.17705660  d_z2
  109   1   2   1       0.21193129  d_xz
  109   1   2   2       0.18019908  d_x2-y2
  109   2   0   0       0.40340458  s
  109   3   1  -1       0.35361501  p_y
  109   3   1   0       0.34678080  p_z
  109   3   1   1       0.34937005  p_x
  110   1   2  -2       0.26771639  d_xy
  110   1   2  -1       0.14376584  d_yz
  110   1   2   0       0.13793880  d_z2
  110   1   2   1       0.16051978  d_xz
  110   1   2   2       0.20705155  d_x2-y2
  110   2   0   0       0.40339359  s
  110   3   1  -1       0.34730245  p_y
  110   3   1   0       0.35304902  p_z
  110   3   1   1       0.34936011  p_x
  111   1   2  -2       0.26770039  d_xy
  111   1   2  -1       0.14380660  d_yz
  111   1   2   0       0.13794119  d_z2
  111   1   2   1       0.16054844  d_xz
  111   1   2   2       0.20702796  d_x2-y2
  111   2   0   0       0.40340387  s
  111   3   1  -1       0.34732335  p_y
  111   3   1   0       0.35307213  p_z
  111   3   1   1       0.34937020  p_x
  112   1   2  -2       0.17723554  d_xy
  112   1   2  -1       0.17061899  d_yz
  112   1   2   0       0.17703319  d_z2
  112   1   2   1       0.21190775  d_xz
  112   1   2   2       0.18020174  d_x2-y2
  112   2   0   0       0.40339286  s
  112   3   1  -1       0.35358974  p_y
  112   3   1   0       0.34676148  p_z
  112   3   1   1       0.34936010  p_x
  113   1   2  -2       0.17720112  d_xy
  113   1   2  -1       0.18029795  d_yz
  113   1   2   0       0.16739092  d_z2
  113   1   2   1       0.16430724  d_xz
  113   1   2   2       0.22781857  d_x2-y2
  113   2   0   0       0.40340537  s
  113   3   1  -1       0.34726388  p_y
  113   3   1   0       0.34678038  p_z
  113   3   1   1       0.35571959  p_x
  114   1   2  -2       0.26771512  d_xy
  114   1   2  -1       0.13502486  d_yz
  114   1   2   0       0.14667552  d_z2
  114   1   2   1       0.23025710  d_xz
  114   1   2   2       0.13731659  d_x2-y2
  114   2   0   0       0.40339444  s
  114   3   1  -1       0.35039526  p_y
  114   3   1   0       0.35304839  p_z
  114   3   1   1       0.34626610  p_x

Fermi level:                        -0.3364141820 H           -9.1543 eV
Band energy:                      -240.8036227081 H        -6552.6000 eV
TS:                                  0.0000000000 H            0.0000 eV
Band free energy (E-TS):          -240.8036227081 H        -6552.6000 eV
Extrapolated E(0K):               -240.8036227081 H        -6552.6000 eV
Input / Output electrons (q):    436.0000000000    436.0000000000

Energy H0:                        -281.7369895267 H        -7666.4535 eV
Energy SCC:                          4.2167798911 H          114.7444 eV
Total Electronic energy:          -277.5202096356 H        -7551.7091 eV
Repulsive energy:                    0.0000000000 H            0.0000 eV
Total energy:                     -277.5202096356 H        -7551.7091 eV
Extrapolated to 0:                -277.5202096356 H        -7551.7091 eV
Total Mermin free energy:         -277.5202096356 H        -7551.7091 eV
Force related energy:             -277.5202096356 H        -7551.7091 eV

Non-constrained calculation

SCC converged

Full geometry written in 1e-4.{xyz|gen}

Warning: dipole moment is not defined absolutely!
Dipole moment:  -68.92268129  -39.79276661  -28.13793701 au
Dipole moment: -175.18399599 -101.14313221  -71.51950782 Debye

Geometry converged
