 Fermi distribution function

Geometry optimization step: 638, Lattice step: 14


********************************************************************************
 iSCC Total electronic   Diff electronic      SCC error    
    1   -0.10666502E+03    0.00000000E+00    0.30252159E-05
********************************************************************************

K-points in absolute space:     1:  0.002893  0.005011  0.018699
                                2:  0.002893  0.005011  0.056096
                                3:  0.002893  0.005011  0.093494
                                4:  0.002893  0.005011  0.130892
                                5:  0.002893  0.011692  0.018699
                                6:  0.002893  0.011692  0.056096
                                7:  0.002893  0.011692  0.093494
                                8:  0.002893  0.011692  0.130892
                                9:  0.002893  0.018373  0.018699
                               10:  0.002893  0.018373  0.056096
                               11:  0.002893  0.018373  0.093494
                               12:  0.002893  0.018373  0.130892
                               13:  0.002893  0.025054  0.018699
                               14:  0.002893  0.025054  0.056096
                               15:  0.002893  0.025054  0.093494
                               16:  0.002893  0.025054  0.130892
                               17:  0.008679  0.008351  0.018699
                               18:  0.008679  0.008351  0.056096
                               19:  0.008679  0.008351  0.093494
                               20:  0.008679  0.008351  0.130892
                               21:  0.008679  0.015033  0.018699
                               22:  0.008679  0.015033  0.056096
                               23:  0.008679  0.015033  0.093494
                               24:  0.008679  0.015033  0.130892
                               25:  0.008679  0.021714  0.018699
                               26:  0.008679  0.021714  0.056096
                               27:  0.008679  0.021714  0.093494
                               28:  0.008679  0.021714  0.130892
                               29:  0.008679  0.028395  0.018699
                               30:  0.008679  0.028395  0.056096
                               31:  0.008679  0.028395  0.093494
                               32:  0.008679  0.028395  0.130892

Coordinates of moved atoms (au):
    1      0.93029876     19.83727920      3.34245991
    2      3.95881605     28.30547484      3.34245991
    3     -4.88911514     26.69414992      3.34245991
    4     20.67325400     17.58117264      3.34245991
    5     17.64473672      9.11297700      3.34245991
    6     26.49266791     10.72430192      3.34245991
    7      5.89766380     20.81146296      3.34245991
    8      0.63146561     32.12024727      3.34245991
    9     -6.52912978     21.90519369      3.34245991
   10     15.70588897     16.60698888      3.34245991
   11     20.97208715      5.29820457      3.34245991
   12     28.13268255     15.51325815      3.34245991
   13      0.52035274     22.17078278      3.34245991
   14      2.14291568     26.78369937      3.34245991
   15     -2.66326875     25.88242180      3.34245991
   16     21.08320003     15.24766906      3.34245991
   17     19.46063708     10.63475247      3.34245991
   18     24.26682151     11.53603004      3.34245991
   19      2.62750465     24.02005814      3.34245991
   20     -0.51217971     27.68390877      3.34245991
   21     -2.11532526     23.13293704      3.34245991
   22     18.97604812     13.39839370      3.34245991
   23     22.11573248      9.73454307      3.34245991
   24     23.71887803     14.28551480      3.34245991
   25      5.15308165     23.26276567      3.34245991
   26     -1.11913371     30.24976883      3.34245991
   27     -4.03394827     21.32436943      3.34245991
   28     16.45047112     14.15568617      3.34245991
   29     22.72268648      7.16868301      3.34245991
   30     25.63750104     16.09408241      3.34245991
   31      8.36535635     19.82983501      3.34245991
   32      0.24773397     34.74814566      3.34245991
   33     -8.61309073     20.25892313      3.34245991
   34     13.23819642     17.58861683      3.34245991
   35     21.35581880      2.67030618      3.34245991
   36     30.21664350     17.15952871      3.34245991
   37      8.65563187     17.17040746      3.34245991
   38      2.40572795     36.32924551      3.34245991
   39    -11.06136037     21.33725081      3.34245991
   40     12.94792090     20.24804438      3.34245991
   41     19.19782481      1.08920633      3.34245991
   42     32.66491314     16.08120103      3.34245991
   43     10.56104434     21.35679718      3.34245991
   44     -2.17249811     35.88618604      3.34245991
   45     -8.38854658     17.59392049      3.34245991
   46     11.04250843     16.06165466      3.34245991
   47     23.77605087      1.53226580      3.34245991
   48     29.99209935     19.82453136      3.34245991
   49      6.98582171     15.96695459      3.34245991
   50      4.28285382     35.48487401      3.34245991
   51    -11.26867616     23.38507525      3.34245991
   52     14.61773106     21.45149725      3.34245991
   53     17.32069894      1.93357783      3.34245991
   54     32.87222893     14.03337659      3.34245991
   55      6.60836955     24.73062466      3.34245991
   56     -3.11798084     30.77615562      3.34245991
   57     -3.49038903     19.33012365      3.34245991
   58     14.99518322     12.68782718      3.34245991
   59     24.72153361      6.64229622      3.34245991
   60     25.09394179     18.08832819      3.34245991
   61     10.42528907     23.40826924      3.34245991
   62     -3.88124734     34.74288242      3.34245991
   63     -6.54404198     16.68575204      3.34245991
   64     11.17826370     14.01018260      3.34245991
   65     25.48480011      2.67556942      3.34245991
   66     28.14759475     20.73269980      3.34245991
   67      4.41330135     19.53230657      3.34245991
   68      2.48142877     31.47432992      3.34245991
   69     -6.89473054     23.83026746      3.34245991
   70     17.19025141     17.88614527      3.34245991
   71     19.12212400      5.94412192      3.34245991
   72     28.49828330     13.58818439      3.34245991

 Total charge:    -0.00000000

 Atomic gross charges (e)
 Atom           Charge
    1      -0.57671763
    2      -0.57671763
    3      -0.57671763
    4      -0.57671763
    5      -0.57671763
    6      -0.57671763
    7      -0.13515874
    8      -0.13515873
    9      -0.13515874
   10      -0.13515874
   11      -0.13515873
   12      -0.13515874
   13       0.45039349
   14       0.45039349
   15       0.45039349
   16       0.45039349
   17       0.45039349
   18       0.45039349
   19      -0.25971265
   20      -0.25971265
   21      -0.25971265
   22      -0.25971265
   23      -0.25971265
   24      -0.25971265
   25       0.08766938
   26       0.08766938
   27       0.08766938
   28       0.08766938
   29       0.08766938
   30       0.08766938
   31       0.13505032
   32       0.13505032
   33       0.13505032
   34       0.13505032
   35       0.13505032
   36       0.13505032
   37      -0.13596932
   38      -0.13596932
   39      -0.13596932
   40      -0.13596932
   41      -0.13596932
   42      -0.13596932
   43      -0.13028151
   44      -0.13028151
   45      -0.13028151
   46      -0.13028151
   47      -0.13028151
   48      -0.13028151
   49       0.09277154
   50       0.09277154
   51       0.09277154
   52       0.09277154
   53       0.09277154
   54       0.09277154
   55       0.11103501
   56       0.11103501
   57       0.11103501
   58       0.11103501
   59       0.11103501
   60       0.11103501
   61       0.09337115
   62       0.09337115
   63       0.09337115
   64       0.09337115
   65       0.09337115
   66       0.09337115
   67       0.26754896
   68       0.26754896
   69       0.26754896
   70       0.26754896
   71       0.26754896
   72       0.26754896

Nr. of electrons (up):    234.00000000
Atom populations (up)
 Atom       Population
    1       6.57671763
    2       6.57671763
    3       6.57671763
    4       6.57671763
    5       6.57671763
    6       6.57671763
    7       5.13515874
    8       5.13515873
    9       5.13515874
   10       5.13515874
   11       5.13515873
   12       5.13515874
   13       3.54960651
   14       3.54960651
   15       3.54960651
   16       3.54960651
   17       3.54960651
   18       3.54960651
   19       4.25971265
   20       4.25971265
   21       4.25971265
   22       4.25971265
   23       4.25971265
   24       4.25971265
   25       3.91233062
   26       3.91233062
   27       3.91233062
   28       3.91233062
   29       3.91233062
   30       3.91233062
   31       3.86494968
   32       3.86494968
   33       3.86494968
   34       3.86494968
   35       3.86494968
   36       3.86494968
   37       4.13596932
   38       4.13596932
   39       4.13596932
   40       4.13596932
   41       4.13596932
   42       4.13596932
   43       4.13028151
   44       4.13028151
   45       4.13028151
   46       4.13028151
   47       4.13028151
   48       4.13028151
   49       0.90722846
   50       0.90722846
   51       0.90722846
   52       0.90722846
   53       0.90722846
   54       0.90722846
   55       0.88896499
   56       0.88896499
   57       0.88896499
   58       0.88896499
   59       0.88896499
   60       0.88896499
   61       0.90662885
   62       0.90662885
   63       0.90662885
   64       0.90662885
   65       0.90662885
   66       0.90662885
   67       0.73245104
   68       0.73245104
   69       0.73245104
   70       0.73245104
   71       0.73245104
   72       0.73245104

l-shell populations (up)
 Atom Sh.   l       Population
    1   1   0       1.77414740
    1   2   1       4.80257023
    2   1   0       1.77414740
    2   2   1       4.80257023
    3   1   0       1.77414740
    3   2   1       4.80257023
    4   1   0       1.77414740
    4   2   1       4.80257023
    5   1   0       1.77414740
    5   2   1       4.80257023
    6   1   0       1.77414740
    6   2   1       4.80257023
    7   1   0       1.40831702
    7   2   1       3.72684171
    8   1   0       1.40831702
    8   2   1       3.72684171
    9   1   0       1.40831702
    9   2   1       3.72684171
   10   1   0       1.40831702
   10   2   1       3.72684171
   11   1   0       1.40831702
   11   2   1       3.72684171
   12   1   0       1.40831702
   12   2   1       3.72684171
   13   1   0       1.11620813
   13   2   1       2.43339838
   14   1   0       1.11620813
   14   2   1       2.43339838
   15   1   0       1.11620813
   15   2   1       2.43339838
   16   1   0       1.11620813
   16   2   1       2.43339838
   17   1   0       1.11620813
   17   2   1       2.43339838
   18   1   0       1.11620813
   18   2   1       2.43339838
   19   1   0       1.21667581
   19   2   1       3.04303684
   20   1   0       1.21667581
   20   2   1       3.04303684
   21   1   0       1.21667581
   21   2   1       3.04303684
   22   1   0       1.21667581
   22   2   1       3.04303684
   23   1   0       1.21667581
   23   2   1       3.04303684
   24   1   0       1.21667581
   24   2   1       3.04303684
   25   1   0       1.19657478
   25   2   1       2.71575584
   26   1   0       1.19657478
   26   2   1       2.71575584
   27   1   0       1.19657478
   27   2   1       2.71575584
   28   1   0       1.19657478
   28   2   1       2.71575584
   29   1   0       1.19657478
   29   2   1       2.71575584
   30   1   0       1.19657478
   30   2   1       2.71575584
   31   1   0       1.13987134
   31   2   1       2.72507834
   32   1   0       1.13987134
   32   2   1       2.72507834
   33   1   0       1.13987134
   33   2   1       2.72507834
   34   1   0       1.13987134
   34   2   1       2.72507834
   35   1   0       1.13987134
   35   2   1       2.72507834
   36   1   0       1.13987134
   36   2   1       2.72507834
   37   1   0       1.23040102
   37   2   1       2.90556830
   38   1   0       1.23040102
   38   2   1       2.90556830
   39   1   0       1.23040102
   39   2   1       2.90556830
   40   1   0       1.23040102
   40   2   1       2.90556830
   41   1   0       1.23040102
   41   2   1       2.90556830
   42   1   0       1.23040102
   42   2   1       2.90556830
   43   1   0       1.22621681
   43   2   1       2.90406470
   44   1   0       1.22621681
   44   2   1       2.90406470
   45   1   0       1.22621681
   45   2   1       2.90406470
   46   1   0       1.22621681
   46   2   1       2.90406470
   47   1   0       1.22621681
   47   2   1       2.90406470
   48   1   0       1.22621681
   48   2   1       2.90406470
   49   1   0       0.90722846
   50   1   0       0.90722846
   51   1   0       0.90722846
   52   1   0       0.90722846
   53   1   0       0.90722846
   54   1   0       0.90722846
   55   1   0       0.88896499
   56   1   0       0.88896499
   57   1   0       0.88896499
   58   1   0       0.88896499
   59   1   0       0.88896499
   60   1   0       0.88896499
   61   1   0       0.90662885
   62   1   0       0.90662885
   63   1   0       0.90662885
   64   1   0       0.90662885
   65   1   0       0.90662885
   66   1   0       0.90662885
   67   1   0       0.73245104
   68   1   0       0.73245104
   69   1   0       0.73245104
   70   1   0       0.73245104
   71   1   0       0.73245104
   72   1   0       0.73245104

Orbital populations (up)
 Atom Sh.   l   m       Population  Label
    1   1   0   0       1.77414740  s
    1   2   1  -1       1.43857752  p_y
    1   2   1   0       1.47056627  p_z
    1   2   1   1       1.89342644  p_x
    2   1   0   0       1.77414740  s
    2   2   1  -1       1.70259788  p_y
    2   2   1   0       1.47056627  p_z
    2   2   1   1       1.62940607  p_x
    3   1   0   0       1.77414740  s
    3   2   1  -1       1.85683054  p_y
    3   2   1   0       1.47056627  p_z
    3   2   1   1       1.47517342  p_x
    4   1   0   0       1.77414740  s
    4   2   1  -1       1.43857752  p_y
    4   2   1   0       1.47056627  p_z
    4   2   1   1       1.89342644  p_x
    5   1   0   0       1.77414740  s
    5   2   1  -1       1.70259788  p_y
    5   2   1   0       1.47056627  p_z
    5   2   1   1       1.62940607  p_x
    6   1   0   0       1.77414740  s
    6   2   1  -1       1.85683054  p_y
    6   2   1   0       1.47056627  p_z
    6   2   1   1       1.47517342  p_x
    7   1   0   0       1.40831702  s
    7   2   1  -1       1.09908540  p_y
    7   2   1   0       1.53215236  p_z
    7   2   1   1       1.09560395  p_x
    8   1   0   0       1.40831702  s
    8   2   1  -1       1.04755487  p_y
    8   2   1   0       1.53215236  p_z
    8   2   1   1       1.14713448  p_x
    9   1   0   0       1.40831702  s
    9   2   1  -1       1.14539375  p_y
    9   2   1   0       1.53215237  p_z
    9   2   1   1       1.04929560  p_x
   10   1   0   0       1.40831702  s
   10   2   1  -1       1.09908540  p_y
   10   2   1   0       1.53215236  p_z
   10   2   1   1       1.09560395  p_x
   11   1   0   0       1.40831702  s
   11   2   1  -1       1.04755487  p_y
   11   2   1   0       1.53215236  p_z
   11   2   1   1       1.14713448  p_x
   12   1   0   0       1.40831702  s
   12   2   1  -1       1.14539375  p_y
   12   2   1   0       1.53215237  p_z
   12   2   1   1       1.04929560  p_x
   13   1   0   0       1.11620813  s
   13   2   1  -1       0.77935407  p_y
   13   2   1   0       0.79055143  p_z
   13   2   1   1       0.86349289  p_x
   14   1   0   0       1.11620813  s
   14   2   1  -1       0.83186203  p_y
   14   2   1   0       0.79055143  p_z
   14   2   1   1       0.81098492  p_x
   15   1   0   0       1.11620813  s
   15   2   1  -1       0.85305433  p_y
   15   2   1   0       0.79055143  p_z
   15   2   1   1       0.78979262  p_x
   16   1   0   0       1.11620813  s
   16   2   1  -1       0.77935407  p_y
   16   2   1   0       0.79055143  p_z
   16   2   1   1       0.86349289  p_x
   17   1   0   0       1.11620813  s
   17   2   1  -1       0.83186203  p_y
   17   2   1   0       0.79055143  p_z
   17   2   1   1       0.81098492  p_x
   18   1   0   0       1.11620813  s
   18   2   1  -1       0.85305433  p_y
   18   2   1   0       0.79055143  p_z
   18   2   1   1       0.78979262  p_x
   19   1   0   0       1.21667581  s
   19   2   1  -1       0.94314022  p_y
   19   2   1   0       1.19343496  p_z
   19   2   1   1       0.90646167  p_x
   20   1   0   0       1.21667581  s
   20   2   1  -1       0.91126246  p_y
   20   2   1   0       1.19343496  p_z
   20   2   1   1       0.93833943  p_x
   21   1   0   0       1.21667581  s
   21   2   1  -1       0.92000015  p_y
   21   2   1   0       1.19343496  p_z
   21   2   1   1       0.92960173  p_x
   22   1   0   0       1.21667581  s
   22   2   1  -1       0.94314022  p_y
   22   2   1   0       1.19343496  p_z
   22   2   1   1       0.90646167  p_x
   23   1   0   0       1.21667581  s
   23   2   1  -1       0.91126246  p_y
   23   2   1   0       1.19343496  p_z
   23   2   1   1       0.93833943  p_x
   24   1   0   0       1.21667581  s
   24   2   1  -1       0.92000015  p_y
   24   2   1   0       1.19343496  p_z
   24   2   1   1       0.92960173  p_x
   25   1   0   0       1.19657478  s
   25   2   1  -1       0.86180955  p_y
   25   2   1   0       0.90845542  p_z
   25   2   1   1       0.94549087  p_x
   26   1   0   0       1.19657478  s
   26   2   1  -1       0.87963909  p_y
   26   2   1   0       0.90845542  p_z
   26   2   1   1       0.92766134  p_x
   27   1   0   0       1.19657478  s
   27   2   1  -1       0.96950199  p_y
   27   2   1   0       0.90845542  p_z
   27   2   1   1       0.83779843  p_x
   28   1   0   0       1.19657478  s
   28   2   1  -1       0.86180955  p_y
   28   2   1   0       0.90845542  p_z
   28   2   1   1       0.94549087  p_x
   29   1   0   0       1.19657478  s
   29   2   1  -1       0.87963909  p_y
   29   2   1   0       0.90845542  p_z
   29   2   1   1       0.92766134  p_x
   30   1   0   0       1.19657478  s
   30   2   1  -1       0.96950199  p_y
   30   2   1   0       0.90845542  p_z
   30   2   1   1       0.83779843  p_x
   31   1   0   0       1.13987134  s
   31   2   1  -1       0.90244254  p_y
   31   2   1   0       1.00518592  p_z
   31   2   1   1       0.81744987  p_x
   32   1   0   0       1.13987134  s
   32   2   1  -1       0.80619135  p_y
   32   2   1   0       1.00518592  p_z
   32   2   1   1       0.91370107  p_x
   33   1   0   0       1.13987134  s
   33   2   1  -1       0.87120473  p_y
   33   2   1   0       1.00518592  p_z
   33   2   1   1       0.84868768  p_x
   34   1   0   0       1.13987134  s
   34   2   1  -1       0.90244254  p_y
   34   2   1   0       1.00518592  p_z
   34   2   1   1       0.81744987  p_x
   35   1   0   0       1.13987134  s
   35   2   1  -1       0.80619135  p_y
   35   2   1   0       1.00518592  p_z
   35   2   1   1       0.91370107  p_x
   36   1   0   0       1.13987134  s
   36   2   1  -1       0.87120473  p_y
   36   2   1   0       1.00518592  p_z
   36   2   1   1       0.84868768  p_x
   37   1   0   0       1.23040102  s
   37   2   1  -1       0.91671361  p_y
   37   2   1   0       1.04928698  p_z
   37   2   1   1       0.93956772  p_x
   38   1   0   0       1.23040102  s
   38   2   1  -1       0.92249526  p_y
   38   2   1   0       1.04928698  p_z
   38   2   1   1       0.93378606  p_x
   39   1   0   0       1.23040102  s
   39   2   1  -1       0.94521311  p_y
   39   2   1   0       1.04928698  p_z
   39   2   1   1       0.91106821  p_x
   40   1   0   0       1.23040102  s
   40   2   1  -1       0.91671361  p_y
   40   2   1   0       1.04928698  p_z
   40   2   1   1       0.93956772  p_x
   41   1   0   0       1.23040102  s
   41   2   1  -1       0.92249526  p_y
   41   2   1   0       1.04928698  p_z
   41   2   1   1       0.93378606  p_x
   42   1   0   0       1.23040102  s
   42   2   1  -1       0.94521311  p_y
   42   2   1   0       1.04928698  p_z
   42   2   1   1       0.91106821  p_x
   43   1   0   0       1.22621681  s
   43   2   1  -1       0.94177877  p_y
   43   2   1   0       1.05050457  p_z
   43   2   1   1       0.91178137  p_x
   44   1   0   0       1.22621681  s
   44   2   1  -1       0.92860164  p_y
   44   2   1   0       1.05050457  p_z
   44   2   1   1       0.92495849  p_x
   45   1   0   0       1.22621681  s
   45   2   1  -1       0.90995979  p_y
   45   2   1   0       1.05050457  p_z
   45   2   1   1       0.94360034  p_x
   46   1   0   0       1.22621681  s
   46   2   1  -1       0.94177877  p_y
   46   2   1   0       1.05050457  p_z
   46   2   1   1       0.91178137  p_x
   47   1   0   0       1.22621681  s
   47   2   1  -1       0.92860164  p_y
   47   2   1   0       1.05050457  p_z
   47   2   1   1       0.92495849  p_x
   48   1   0   0       1.22621681  s
   48   2   1  -1       0.90995979  p_y
   48   2   1   0       1.05050457  p_z
   48   2   1   1       0.94360034  p_x
   49   1   0   0       0.90722846  s
   50   1   0   0       0.90722846  s
   51   1   0   0       0.90722846  s
   52   1   0   0       0.90722846  s
   53   1   0   0       0.90722846  s
   54   1   0   0       0.90722846  s
   55   1   0   0       0.88896499  s
   56   1   0   0       0.88896499  s
   57   1   0   0       0.88896499  s
   58   1   0   0       0.88896499  s
   59   1   0   0       0.88896499  s
   60   1   0   0       0.88896499  s
   61   1   0   0       0.90662885  s
   62   1   0   0       0.90662885  s
   63   1   0   0       0.90662885  s
   64   1   0   0       0.90662885  s
   65   1   0   0       0.90662885  s
   66   1   0   0       0.90662885  s
   67   1   0   0       0.73245104  s
   68   1   0   0       0.73245104  s
   69   1   0   0       0.73245104  s
   70   1   0   0       0.73245104  s
   71   1   0   0       0.73245104  s
   72   1   0   0       0.73245104  s

Fermi level:                        -0.1598258334 H           -4.3491 eV
Band energy:                      -105.7250266727 H        -2876.9244 eV
TS:                                  0.0000000000 H            0.0000 eV
Band free energy (E-TS):          -105.7250266727 H        -2876.9244 eV
Extrapolated E(0K):               -105.7250266727 H        -2876.9244 eV
Input / Output electrons (q):    234.0000000000    234.0000000000

Energy H0:                        -106.8247690373 H        -2906.8499 eV
Energy SCC:                          0.1798524587 H            4.8940 eV
Energy 3rd:                         -0.0200993098 H           -0.5469 eV
Total Electronic energy:          -106.6650158884 H        -2902.5028 eV
Repulsive energy:                    1.8073510807 H           49.1805 eV
Dispersion energy:                   0.3097994637 H            8.4301 eV
Total energy:                     -104.5478653440 H        -2844.8922 eV
Extrapolated to 0:                -104.5478653440 H        -2844.8922 eV
Total Mermin free energy:         -104.5478653440 H        -2844.8922 eV
Force related energy:             -104.5478653440 H        -2844.8922 eV

Non-constrained calculation

SCC converged

Full geometry written in TpPa1-Out.{xyz|gen}

Warning: dipole moment is not defined absolutely!
Dipole moment:    0.00000000   -0.00000000    0.00000000 au
Dipole moment:    0.00000000   -0.00000000    0.00000000 Debye

Geometry converged
