 Fermi distribution function

Calculation with static geometry


********************************************************************************
 iSCC Total electronic   Diff electronic      SCC error    
    1   -0.10666502E+03    0.00000000E+00    0.30267459E-05
********************************************************************************

 Total charge:    -0.00000000

 Atomic gross charges (e)
 Atom           Charge
    1      -0.57671764
    2      -0.57671765
    3      -0.57671765
    4      -0.57671765
    5      -0.57671765
    6      -0.57671764
    7      -0.13515873
    8      -0.13515873
    9      -0.13515873
   10      -0.13515873
   11      -0.13515873
   12      -0.13515873
   13       0.45039351
   14       0.45039351
   15       0.45039351
   16       0.45039351
   17       0.45039351
   18       0.45039351
   19      -0.25971265
   20      -0.25971265
   21      -0.25971265
   22      -0.25971265
   23      -0.25971265
   24      -0.25971265
   25       0.08766938
   26       0.08766938
   27       0.08766938
   28       0.08766939
   29       0.08766939
   30       0.08766938
   31       0.13505032
   32       0.13505032
   33       0.13505032
   34       0.13505032
   35       0.13505032
   36       0.13505032
   37      -0.13596932
   38      -0.13596933
   39      -0.13596932
   40      -0.13596932
   41      -0.13596932
   42      -0.13596933
   43      -0.13028152
   44      -0.13028151
   45      -0.13028151
   46      -0.13028151
   47      -0.13028151
   48      -0.13028152
   49       0.09277154
   50       0.09277154
   51       0.09277153
   52       0.09277154
   53       0.09277154
   54       0.09277154
   55       0.11103501
   56       0.11103501
   57       0.11103501
   58       0.11103501
   59       0.11103501
   60       0.11103501
   61       0.09337115
   62       0.09337115
   63       0.09337115
   64       0.09337115
   65       0.09337115
   66       0.09337115
   67       0.26754896
   68       0.26754896
   69       0.26754895
   70       0.26754896
   71       0.26754896
   72       0.26754896

Nr. of electrons (up):    234.00000000
Atom populations (up)
 Atom       Population
    1       6.57671764
    2       6.57671765
    3       6.57671765
    4       6.57671765
    5       6.57671765
    6       6.57671764
    7       5.13515873
    8       5.13515873
    9       5.13515873
   10       5.13515873
   11       5.13515873
   12       5.13515873
   13       3.54960649
   14       3.54960649
   15       3.54960649
   16       3.54960649
   17       3.54960649
   18       3.54960649
   19       4.25971265
   20       4.25971265
   21       4.25971265
   22       4.25971265
   23       4.25971265
   24       4.25971265
   25       3.91233062
   26       3.91233062
   27       3.91233062
   28       3.91233061
   29       3.91233061
   30       3.91233062
   31       3.86494968
   32       3.86494968
   33       3.86494968
   34       3.86494968
   35       3.86494968
   36       3.86494968
   37       4.13596932
   38       4.13596933
   39       4.13596932
   40       4.13596932
   41       4.13596932
   42       4.13596933
   43       4.13028152
   44       4.13028151
   45       4.13028151
   46       4.13028151
   47       4.13028151
   48       4.13028152
   49       0.90722846
   50       0.90722846
   51       0.90722847
   52       0.90722846
   53       0.90722846
   54       0.90722846
   55       0.88896499
   56       0.88896499
   57       0.88896499
   58       0.88896499
   59       0.88896499
   60       0.88896499
   61       0.90662885
   62       0.90662885
   63       0.90662885
   64       0.90662885
   65       0.90662885
   66       0.90662885
   67       0.73245104
   68       0.73245104
   69       0.73245105
   70       0.73245104
   71       0.73245104
   72       0.73245104

l-shell populations (up)
 Atom Sh.   l       Population
    1   1   0       1.77414740
    1   2   1       4.80257024
    2   1   0       1.77414740
    2   2   1       4.80257024
    3   1   0       1.77414740
    3   2   1       4.80257024
    4   1   0       1.77414740
    4   2   1       4.80257024
    5   1   0       1.77414741
    5   2   1       4.80257025
    6   1   0       1.77414740
    6   2   1       4.80257024
    7   1   0       1.40831702
    7   2   1       3.72684171
    8   1   0       1.40831702
    8   2   1       3.72684171
    9   1   0       1.40831702
    9   2   1       3.72684171
   10   1   0       1.40831702
   10   2   1       3.72684171
   11   1   0       1.40831702
   11   2   1       3.72684170
   12   1   0       1.40831702
   12   2   1       3.72684171
   13   1   0       1.11620813
   13   2   1       2.43339836
   14   1   0       1.11620813
   14   2   1       2.43339837
   15   1   0       1.11620813
   15   2   1       2.43339837
   16   1   0       1.11620813
   16   2   1       2.43339837
   17   1   0       1.11620813
   17   2   1       2.43339837
   18   1   0       1.11620813
   18   2   1       2.43339837
   19   1   0       1.21667581
   19   2   1       3.04303684
   20   1   0       1.21667581
   20   2   1       3.04303684
   21   1   0       1.21667581
   21   2   1       3.04303684
   22   1   0       1.21667581
   22   2   1       3.04303684
   23   1   0       1.21667581
   23   2   1       3.04303684
   24   1   0       1.21667581
   24   2   1       3.04303684
   25   1   0       1.19657478
   25   2   1       2.71575584
   26   1   0       1.19657478
   26   2   1       2.71575584
   27   1   0       1.19657478
   27   2   1       2.71575584
   28   1   0       1.19657478
   28   2   1       2.71575584
   29   1   0       1.19657478
   29   2   1       2.71575584
   30   1   0       1.19657478
   30   2   1       2.71575584
   31   1   0       1.13987134
   31   2   1       2.72507833
   32   1   0       1.13987134
   32   2   1       2.72507834
   33   1   0       1.13987134
   33   2   1       2.72507834
   34   1   0       1.13987134
   34   2   1       2.72507834
   35   1   0       1.13987134
   35   2   1       2.72507834
   36   1   0       1.13987135
   36   2   1       2.72507833
   37   1   0       1.23040102
   37   2   1       2.90556830
   38   1   0       1.23040102
   38   2   1       2.90556830
   39   1   0       1.23040102
   39   2   1       2.90556830
   40   1   0       1.23040102
   40   2   1       2.90556830
   41   1   0       1.23040102
   41   2   1       2.90556830
   42   1   0       1.23040102
   42   2   1       2.90556830
   43   1   0       1.22621682
   43   2   1       2.90406470
   44   1   0       1.22621682
   44   2   1       2.90406470
   45   1   0       1.22621682
   45   2   1       2.90406470
   46   1   0       1.22621682
   46   2   1       2.90406470
   47   1   0       1.22621682
   47   2   1       2.90406470
   48   1   0       1.22621682
   48   2   1       2.90406470
   49   1   0       0.90722846
   50   1   0       0.90722846
   51   1   0       0.90722847
   52   1   0       0.90722846
   53   1   0       0.90722846
   54   1   0       0.90722846
   55   1   0       0.88896499
   56   1   0       0.88896499
   57   1   0       0.88896499
   58   1   0       0.88896499
   59   1   0       0.88896499
   60   1   0       0.88896499
   61   1   0       0.90662885
   62   1   0       0.90662885
   63   1   0       0.90662885
   64   1   0       0.90662885
   65   1   0       0.90662885
   66   1   0       0.90662885
   67   1   0       0.73245104
   68   1   0       0.73245104
   69   1   0       0.73245105
   70   1   0       0.73245104
   71   1   0       0.73245104
   72   1   0       0.73245104

Orbital populations (up)
 Atom Sh.   l   m       Population  Label
    1   1   0   0       1.77414740  s
    1   2   1  -1       1.43857752  p_y
    1   2   1   0       1.47056628  p_z
    1   2   1   1       1.89342644  p_x
    2   1   0   0       1.77414740  s
    2   2   1  -1       1.70259788  p_y
    2   2   1   0       1.47056628  p_z
    2   2   1   1       1.62940607  p_x
    3   1   0   0       1.77414740  s
    3   2   1  -1       1.85683054  p_y
    3   2   1   0       1.47056628  p_z
    3   2   1   1       1.47517342  p_x
    4   1   0   0       1.77414740  s
    4   2   1  -1       1.43857752  p_y
    4   2   1   0       1.47056628  p_z
    4   2   1   1       1.89342644  p_x
    5   1   0   0       1.77414741  s
    5   2   1  -1       1.70259789  p_y
    5   2   1   0       1.47056629  p_z
    5   2   1   1       1.62940607  p_x
    6   1   0   0       1.77414740  s
    6   2   1  -1       1.85683054  p_y
    6   2   1   0       1.47056628  p_z
    6   2   1   1       1.47517342  p_x
    7   1   0   0       1.40831702  s
    7   2   1  -1       1.09908540  p_y
    7   2   1   0       1.53215236  p_z
    7   2   1   1       1.09560395  p_x
    8   1   0   0       1.40831702  s
    8   2   1  -1       1.04755487  p_y
    8   2   1   0       1.53215236  p_z
    8   2   1   1       1.14713448  p_x
    9   1   0   0       1.40831702  s
    9   2   1  -1       1.14539375  p_y
    9   2   1   0       1.53215236  p_z
    9   2   1   1       1.04929560  p_x
   10   1   0   0       1.40831702  s
   10   2   1  -1       1.09908540  p_y
   10   2   1   0       1.53215236  p_z
   10   2   1   1       1.09560395  p_x
   11   1   0   0       1.40831702  s
   11   2   1  -1       1.04755487  p_y
   11   2   1   0       1.53215236  p_z
   11   2   1   1       1.14713448  p_x
   12   1   0   0       1.40831702  s
   12   2   1  -1       1.14539375  p_y
   12   2   1   0       1.53215236  p_z
   12   2   1   1       1.04929560  p_x
   13   1   0   0       1.11620813  s
   13   2   1  -1       0.77935407  p_y
   13   2   1   0       0.79055141  p_z
   13   2   1   1       0.86349289  p_x
   14   1   0   0       1.11620813  s
   14   2   1  -1       0.83186203  p_y
   14   2   1   0       0.79055141  p_z
   14   2   1   1       0.81098492  p_x
   15   1   0   0       1.11620813  s
   15   2   1  -1       0.85305433  p_y
   15   2   1   0       0.79055141  p_z
   15   2   1   1       0.78979262  p_x
   16   1   0   0       1.11620813  s
   16   2   1  -1       0.77935407  p_y
   16   2   1   0       0.79055141  p_z
   16   2   1   1       0.86349289  p_x
   17   1   0   0       1.11620813  s
   17   2   1  -1       0.83186203  p_y
   17   2   1   0       0.79055141  p_z
   17   2   1   1       0.81098492  p_x
   18   1   0   0       1.11620813  s
   18   2   1  -1       0.85305433  p_y
   18   2   1   0       0.79055141  p_z
   18   2   1   1       0.78979262  p_x
   19   1   0   0       1.21667581  s
   19   2   1  -1       0.94314022  p_y
   19   2   1   0       1.19343496  p_z
   19   2   1   1       0.90646167  p_x
   20   1   0   0       1.21667581  s
   20   2   1  -1       0.91126246  p_y
   20   2   1   0       1.19343496  p_z
   20   2   1   1       0.93833943  p_x
   21   1   0   0       1.21667581  s
   21   2   1  -1       0.92000015  p_y
   21   2   1   0       1.19343496  p_z
   21   2   1   1       0.92960173  p_x
   22   1   0   0       1.21667581  s
   22   2   1  -1       0.94314022  p_y
   22   2   1   0       1.19343496  p_z
   22   2   1   1       0.90646167  p_x
   23   1   0   0       1.21667581  s
   23   2   1  -1       0.91126246  p_y
   23   2   1   0       1.19343496  p_z
   23   2   1   1       0.93833943  p_x
   24   1   0   0       1.21667581  s
   24   2   1  -1       0.92000015  p_y
   24   2   1   0       1.19343496  p_z
   24   2   1   1       0.92960173  p_x
   25   1   0   0       1.19657478  s
   25   2   1  -1       0.86180956  p_y
   25   2   1   0       0.90845541  p_z
   25   2   1   1       0.94549087  p_x
   26   1   0   0       1.19657478  s
   26   2   1  -1       0.87963909  p_y
   26   2   1   0       0.90845541  p_z
   26   2   1   1       0.92766134  p_x
   27   1   0   0       1.19657478  s
   27   2   1  -1       0.96950199  p_y
   27   2   1   0       0.90845541  p_z
   27   2   1   1       0.83779843  p_x
   28   1   0   0       1.19657478  s
   28   2   1  -1       0.86180956  p_y
   28   2   1   0       0.90845541  p_z
   28   2   1   1       0.94549087  p_x
   29   1   0   0       1.19657478  s
   29   2   1  -1       0.87963909  p_y
   29   2   1   0       0.90845541  p_z
   29   2   1   1       0.92766134  p_x
   30   1   0   0       1.19657478  s
   30   2   1  -1       0.96950199  p_y
   30   2   1   0       0.90845541  p_z
   30   2   1   1       0.83779843  p_x
   31   1   0   0       1.13987134  s
   31   2   1  -1       0.90244254  p_y
   31   2   1   0       1.00518592  p_z
   31   2   1   1       0.81744987  p_x
   32   1   0   0       1.13987134  s
   32   2   1  -1       0.80619135  p_y
   32   2   1   0       1.00518592  p_z
   32   2   1   1       0.91370107  p_x
   33   1   0   0       1.13987134  s
   33   2   1  -1       0.87120473  p_y
   33   2   1   0       1.00518592  p_z
   33   2   1   1       0.84868768  p_x
   34   1   0   0       1.13987134  s
   34   2   1  -1       0.90244254  p_y
   34   2   1   0       1.00518592  p_z
   34   2   1   1       0.81744987  p_x
   35   1   0   0       1.13987134  s
   35   2   1  -1       0.80619135  p_y
   35   2   1   0       1.00518592  p_z
   35   2   1   1       0.91370107  p_x
   36   1   0   0       1.13987135  s
   36   2   1  -1       0.87120473  p_y
   36   2   1   0       1.00518592  p_z
   36   2   1   1       0.84868768  p_x
   37   1   0   0       1.23040102  s
   37   2   1  -1       0.91671361  p_y
   37   2   1   0       1.04928698  p_z
   37   2   1   1       0.93956772  p_x
   38   1   0   0       1.23040102  s
   38   2   1  -1       0.92249526  p_y
   38   2   1   0       1.04928698  p_z
   38   2   1   1       0.93378606  p_x
   39   1   0   0       1.23040102  s
   39   2   1  -1       0.94521311  p_y
   39   2   1   0       1.04928698  p_z
   39   2   1   1       0.91106821  p_x
   40   1   0   0       1.23040102  s
   40   2   1  -1       0.91671361  p_y
   40   2   1   0       1.04928698  p_z
   40   2   1   1       0.93956772  p_x
   41   1   0   0       1.23040102  s
   41   2   1  -1       0.92249526  p_y
   41   2   1   0       1.04928698  p_z
   41   2   1   1       0.93378606  p_x
   42   1   0   0       1.23040102  s
   42   2   1  -1       0.94521311  p_y
   42   2   1   0       1.04928698  p_z
   42   2   1   1       0.91106821  p_x
   43   1   0   0       1.22621682  s
   43   2   1  -1       0.94177877  p_y
   43   2   1   0       1.05050457  p_z
   43   2   1   1       0.91178137  p_x
   44   1   0   0       1.22621682  s
   44   2   1  -1       0.92860164  p_y
   44   2   1   0       1.05050456  p_z
   44   2   1   1       0.92495849  p_x
   45   1   0   0       1.22621682  s
   45   2   1  -1       0.90995979  p_y
   45   2   1   0       1.05050456  p_z
   45   2   1   1       0.94360034  p_x
   46   1   0   0       1.22621682  s
   46   2   1  -1       0.94177877  p_y
   46   2   1   0       1.05050456  p_z
   46   2   1   1       0.91178137  p_x
   47   1   0   0       1.22621682  s
   47   2   1  -1       0.92860164  p_y
   47   2   1   0       1.05050456  p_z
   47   2   1   1       0.92495849  p_x
   48   1   0   0       1.22621682  s
   48   2   1  -1       0.90995979  p_y
   48   2   1   0       1.05050456  p_z
   48   2   1   1       0.94360035  p_x
   49   1   0   0       0.90722846  s
   50   1   0   0       0.90722846  s
   51   1   0   0       0.90722847  s
   52   1   0   0       0.90722846  s
   53   1   0   0       0.90722846  s
   54   1   0   0       0.90722846  s
   55   1   0   0       0.88896499  s
   56   1   0   0       0.88896499  s
   57   1   0   0       0.88896499  s
   58   1   0   0       0.88896499  s
   59   1   0   0       0.88896499  s
   60   1   0   0       0.88896499  s
   61   1   0   0       0.90662885  s
   62   1   0   0       0.90662885  s
   63   1   0   0       0.90662885  s
   64   1   0   0       0.90662885  s
   65   1   0   0       0.90662885  s
   66   1   0   0       0.90662885  s
   67   1   0   0       0.73245104  s
   68   1   0   0       0.73245104  s
   69   1   0   0       0.73245105  s
   70   1   0   0       0.73245104  s
   71   1   0   0       0.73245104  s
   72   1   0   0       0.73245104  s

Fermi level:                        -0.1302041633 H           -3.5430 eV
Band energy:                      -105.7250267211 H        -2876.9244 eV
TS:                                  0.0000000000 H            0.0000 eV
Band free energy (E-TS):          -105.7250267211 H        -2876.9244 eV
Extrapolated E(0K):               -105.7250267211 H        -2876.9244 eV
Input / Output electrons (q):    234.0000000000    234.0000000004

Energy H0:                        -106.8247690842 H        -2906.8499 eV
Energy SCC:                          0.1798524668 H            4.8940 eV
Energy 3rd:                         -0.0200993110 H           -0.5469 eV
Total Electronic energy:          -106.6650159284 H        -2902.5028 eV
Repulsive energy:                    1.8073510811 H           49.1805 eV
Dispersion energy:                   0.3097994637 H            8.4301 eV
Total energy:                     -104.5478653836 H        -2844.8922 eV
Extrapolated to 0:                -104.5478653836 H        -2844.8922 eV
Total Mermin free energy:         -104.5478653836 H        -2844.8922 eV
Force related energy:             -104.5478653836 H        -2844.8922 eV

Non-constrained calculation

SCC converged

Warning: dipole moment is not defined absolutely!
Dipole moment:   -0.00000005   -0.00000007   -0.00000000 au
Dipole moment:   -0.00000013   -0.00000017   -0.00000000 Debye

